SF:lib/src/create_todo_dto/create_todo_dto.dart
DA:18,1
DA:19,1
LF:2
LH:2
end_of_record
SF:lib/src/create_todo_dto/create_todo_dto.g.dart
DA:9,1
DA:10,1
DA:11,1
DA:12,1
DA:15,1
DA:16,1
DA:17,1
DA:18,1
LF:8
LH:8
end_of_record
SF:lib/src/todo/todo.dart
DA:31,2
LF:1
LH:1
end_of_record
SF:lib/src/todo/todo.g.dart
DA:9,2
DA:10,1
DA:11,1
DA:12,1
DA:13,1
DA:14,2
DA:15,1
DA:17,2
DA:20,2
DA:21,1
DA:22,1
DA:23,1
DA:24,1
DA:25,2
DA:26,1
LF:15
LH:15
end_of_record
SF:lib/src/update_todo_dto/update_todo_dto.dart
DA:23,1
DA:24,1
LF:2
LH:2
end_of_record
SF:lib/src/update_todo_dto/update_todo_dto.g.dart
DA:9,1
DA:10,1
DA:11,1
DA:12,1
DA:13,1
DA:16,1
DA:17,1
DA:18,1
DA:19,1
DA:20,1
LF:10
LH:10
end_of_record
