SF:lib/src/create_todo_dto/create_todo_dto.dart
DA:21,1
DA:22,1
DA:26,1
DA:30,1
DA:31,1
DA:32,2
DA:34,1
DA:35,2
DA:37,3
DA:38,1
DA:42,1
DA:43,1
DA:44,1
DA:45,1
DA:46,1
DA:47,1
LF:16
LH:16
end_of_record
SF:lib/src/create_todo_dto/create_todo_dto.g.dart
DA:9,1
DA:10,1
DA:11,1
DA:12,1
DA:15,1
DA:16,1
DA:17,1
DA:18,1
LF:8
LH:8
end_of_record
SF:lib/src/todo/todo.dart
DA:32,2
LF:1
LH:1
end_of_record
SF:lib/src/todo/todo.g.dart
DA:9,2
DA:10,1
DA:11,1
DA:12,1
DA:13,1
DA:14,2
DA:15,2
DA:18,2
DA:19,1
DA:20,1
DA:21,1
DA:22,1
DA:23,2
DA:25,2
LF:14
LH:14
end_of_record
SF:lib/src/update_todo_dto/update_todo_dto.dart
DA:26,1
DA:27,1
DA:32,1
DA:36,1
DA:37,3
DA:38,2
DA:40,3
DA:41,2
DA:43,1
DA:44,2
DA:46,4
DA:47,1
DA:51,1
DA:52,1
DA:53,1
DA:54,1
DA:55,1
DA:56,1
LF:18
LH:18
end_of_record
SF:lib/src/update_todo_dto/update_todo_dto.g.dart
DA:9,1
DA:10,1
DA:11,1
DA:12,1
DA:13,1
DA:16,1
DA:17,1
DA:18,1
DA:19,1
DA:20,1
LF:10
LH:10
end_of_record
SF:lib/src/serializers/date_time_converter.dart
DA:10,13
DA:12,2
DA:15,2
DA:18,2
DA:21,1
DA:32,16
DA:34,2
DA:36,2
DA:37,2
DA:40,2
DA:42,2
LF:11
LH:11
end_of_record
